{"context":"HTTP","duration":"11 ms","ip":"::1","level":"warn","message":"GET / 404 - 11ms","method":"GET","timestamp":"2025-12-21T14:16:30.642Z","url":"/"}
{"context":"HTTP","duration":"3 ms","ip":"::1","level":"warn","message":"GET /favicon.ico 404 - 3ms","method":"GET","timestamp":"2025-12-21T14:16:30.768Z","url":"/favicon.ico"}
{"context":"HTTP","duration":"10 ms","ip":"::1","level":"warn","message":"GET / 404 - 10ms","method":"GET","timestamp":"2025-12-21T14:37:07.128Z","url":"/"}
{"context":"HTTP","duration":"74 ms","ip":"::1","level":"http","message":"GET /api/user 200 - 74ms","method":"GET","timestamp":"2025-12-21T14:37:43.337Z","url":"/api/user"}
{"context":"HTTP","duration":"61 ms","ip":"::1","level":"http","message":"GET /api/user 200 - 61ms","method":"GET","timestamp":"2025-12-21T14:38:17.788Z","url":"/api/user"}
{"context":"HTTP","duration":"61 ms","ip":"::1","level":"http","message":"GET /api/user 200 - 61ms","method":"GET","timestamp":"2025-12-21T14:39:26.690Z","url":"/api/user"}
{"context":"HTTP","duration":"19 ms","ip":"::1","level":"http","message":"GET /api/user 200 - 19ms","method":"GET","timestamp":"2025-12-21T14:39:40.076Z","url":"/api/user"}
{"context":"HTTP","duration":"59 ms","ip":"::1","level":"http","message":"GET /api/user 200 - 59ms","method":"GET","timestamp":"2025-12-21T14:44:57.265Z","url":"/api/user"}
{"context":"HTTP","duration":"9 ms","ip":"::1","level":"warn","message":"GET /api/user/1 404 - 9ms","method":"GET","timestamp":"2025-12-21T14:45:24.569Z","url":"/api/user/1"}
{"context":"HTTP","duration":"187 ms","ip":"::1","level":"http","message":"POST /api/user 201 - 187ms","method":"POST","timestamp":"2025-12-21T14:47:02.105Z","url":"/api/user"}
{"context":"HTTP","duration":"5 ms","ip":"::1","level":"http","message":"GET /api/user 200 - 5ms","method":"GET","timestamp":"2025-12-21T14:47:37.543Z","url":"/api/user"}
{"context":"HTTP","duration":"3 ms","ip":"::1","level":"error","message":"PUT /api/user/1 500 - 3ms","method":"PUT","timestamp":"2025-12-21T14:48:34.618Z","url":"/api/user/1"}
{"context":"HTTP","duration":"60 ms","ip":"::1","level":"error","message":"PUT /api/user/1 500 - 60ms","method":"PUT","timestamp":"2025-12-21T14:50:40.524Z","url":"/api/user/1"}
{"context":"HTTP","duration":"223 ms","ip":"::1","level":"error","message":"PUT /api/user/1 500 - 223ms","method":"PUT","timestamp":"2025-12-21T14:51:02.763Z","url":"/api/user/1"}
{"context":"HTTP","duration":"163 ms","ip":"::1","level":"error","message":"PUT /api/user/1 500 - 163ms","method":"PUT","timestamp":"2025-12-21T14:53:07.117Z","url":"/api/user/1"}
{"context":"HTTP","duration":"133 ms","ip":"::1","level":"http","message":"PUT /api/user/1 200 - 133ms","method":"PUT","timestamp":"2025-12-21T14:53:31.021Z","url":"/api/user/1"}
{"context":"HTTP","duration":"125 ms","ip":"::1","level":"http","message":"POST /api/user 201 - 125ms","method":"POST","timestamp":"2025-12-21T14:54:16.558Z","url":"/api/user"}
{"context":"HTTP","duration":"15 ms","ip":"::1","level":"http","message":"DELETE /api/user/2 200 - 15ms","method":"DELETE","timestamp":"2025-12-21T14:54:23.766Z","url":"/api/user/2"}
{"context":"HTTP","duration":"9 ms","ip":"::1","level":"http","message":"GET /api/categories 200 - 9ms","method":"GET","timestamp":"2025-12-21T14:55:18.644Z","url":"/api/categories"}
{"context":"HTTP","duration":"4 ms","ip":"::1","level":"warn","message":"GET /api/categories/1 404 - 4ms","method":"GET","timestamp":"2025-12-21T14:55:55.948Z","url":"/api/categories/1"}
{"context":"HTTP","duration":"44 ms","ip":"::1","level":"http","message":"POST /api/categories 201 - 44ms","method":"POST","timestamp":"2025-12-21T14:57:07.119Z","url":"/api/categories"}
{"context":"HTTP","duration":"47 ms","ip":"::1","level":"http","message":"POST /api/categories 201 - 47ms","method":"POST","timestamp":"2025-12-21T14:57:12.557Z","url":"/api/categories"}
{"context":"HTTP","duration":"5 ms","ip":"::1","level":"http","message":"GET /api/categories 200 - 5ms","method":"GET","timestamp":"2025-12-21T14:57:16.041Z","url":"/api/categories"}
{"context":"HTTP","duration":"5 ms","ip":"::1","level":"http","message":"GET /api/categories/1 200 - 5ms","method":"GET","timestamp":"2025-12-21T14:57:20.296Z","url":"/api/categories/1"}
{"context":"HTTP","duration":"44 ms","ip":"::1","level":"http","message":"POST /api/categories 201 - 44ms","method":"POST","timestamp":"2025-12-21T15:02:21.473Z","url":"/api/categories"}
{"context":"HTTP","duration":"46 ms","ip":"::1","level":"http","message":"PUT /api/categories/3 200 - 46ms","method":"PUT","timestamp":"2025-12-21T15:03:11.218Z","url":"/api/categories/3"}
{"context":"HTTP","duration":"44 ms","ip":"::1","level":"http","message":"DELETE /api/categories/3 200 - 44ms","method":"DELETE","timestamp":"2025-12-21T15:03:34.615Z","url":"/api/categories/3"}
{"context":"HTTP","duration":"6 ms","ip":"::1","level":"http","message":"GET /api/product 200 - 6ms","method":"GET","timestamp":"2025-12-21T15:04:03.432Z","url":"/api/product"}
{"context":"HTTP","duration":"4 ms","ip":"::1","level":"warn","message":"GET /api/product/1 404 - 4ms","method":"GET","timestamp":"2025-12-21T15:04:18.887Z","url":"/api/product/1"}
{"context":"HTTP","duration":"5 ms","ip":"::1","level":"error","message":"POST /api/product 500 - 5ms","method":"POST","timestamp":"2025-12-21T15:07:41.483Z","url":"/api/product"}
{"context":"HTTP","duration":"4 ms","ip":"::1","level":"error","message":"POST /api/product 500 - 4ms","method":"POST","timestamp":"2025-12-21T15:09:11.507Z","url":"/api/product"}
{"context":"HTTP","duration":"3 ms","ip":"::1","level":"error","message":"POST /api/product 500 - 3ms","method":"POST","timestamp":"2025-12-21T15:09:19.822Z","url":"/api/product"}
{"context":"HTTP","duration":"4 ms","ip":"::1","level":"error","message":"POST /api/product 500 - 4ms","method":"POST","timestamp":"2025-12-21T15:10:52.495Z","url":"/api/product"}
{"context":"HTTP","duration":"146 ms","ip":"::1","level":"error","message":"POST /api/product 500 - 146ms","method":"POST","timestamp":"2025-12-21T15:11:37.661Z","url":"/api/product"}
{"context":"HTTP","duration":"50 ms","ip":"::1","level":"http","message":"POST /api/product 201 - 50ms","method":"POST","timestamp":"2025-12-21T15:13:39.748Z","url":"/api/product"}
{"context":"HTTP","duration":"44 ms","ip":"::1","level":"http","message":"POST /api/product 201 - 44ms","method":"POST","timestamp":"2025-12-21T15:13:50.218Z","url":"/api/product"}
{"context":"HTTP","duration":"6 ms","ip":"::1","level":"http","message":"GET /api/product 200 - 6ms","method":"GET","timestamp":"2025-12-21T15:13:55.739Z","url":"/api/product"}
{"context":"HTTP","duration":"5 ms","ip":"::1","level":"http","message":"GET /api/product/1 200 - 5ms","method":"GET","timestamp":"2025-12-21T15:14:02.709Z","url":"/api/product/1"}
{"context":"HTTP","duration":"7 ms","ip":"::1","level":"error","message":"PUT /api/product/1 500 - 7ms","method":"PUT","timestamp":"2025-12-21T15:18:12.036Z","url":"/api/product/1"}
{"context":"HTTP","duration":"46 ms","ip":"::1","level":"http","message":"PUT /api/product/1 200 - 46ms","method":"PUT","timestamp":"2025-12-21T15:19:07.707Z","url":"/api/product/1"}
{"context":"HTTP","duration":"45 ms","ip":"::1","level":"http","message":"DELETE /api/product/1 200 - 45ms","method":"DELETE","timestamp":"2025-12-21T15:19:28.677Z","url":"/api/product/1"}
{"context":"HTTP","duration":"7 ms","ip":"::1","level":"http","message":"GET /api/product-variant 200 - 7ms","method":"GET","timestamp":"2025-12-21T15:20:38.949Z","url":"/api/product-variant"}
{"context":"HTTP","duration":"3 ms","ip":"::1","level":"warn","message":"GET /api/product-variant/1 404 - 3ms","method":"GET","timestamp":"2025-12-21T15:21:00.772Z","url":"/api/product-variant/1"}
{"context":"HTTP","duration":"47 ms","ip":"::1","level":"error","message":"POST /api/product-variant 500 - 47ms","method":"POST","timestamp":"2025-12-21T15:22:13.503Z","url":"/api/product-variant"}
{"context":"HTTP","duration":"45 ms","ip":"::1","level":"http","message":"POST /api/product-variant 201 - 45ms","method":"POST","timestamp":"2025-12-21T15:22:40.261Z","url":"/api/product-variant"}
{"context":"HTTP","duration":"42 ms","ip":"::1","level":"http","message":"POST /api/product-variant 201 - 42ms","method":"POST","timestamp":"2025-12-21T15:22:55.291Z","url":"/api/product-variant"}
{"context":"HTTP","duration":"6 ms","ip":"::1","level":"warn","message":"PUT /api/product-variant/1 404 - 6ms","method":"PUT","timestamp":"2025-12-21T15:24:36.330Z","url":"/api/product-variant/1"}
{"context":"HTTP","duration":"44 ms","ip":"::1","level":"http","message":"PUT /api/product-variant/2 200 - 44ms","method":"PUT","timestamp":"2025-12-21T15:24:39.126Z","url":"/api/product-variant/2"}
{"context":"HTTP","duration":"8 ms","ip":"::1","level":"http","message":"DELETE /api/product-variant/2 200 - 8ms","method":"DELETE","timestamp":"2025-12-21T15:25:11.112Z","url":"/api/product-variant/2"}
{"context":"HTTP","duration":"7 ms","ip":"::1","level":"http","message":"GET /api/order 200 - 7ms","method":"GET","timestamp":"2025-12-21T15:26:24.829Z","url":"/api/order"}
{"context":"HTTP","duration":"5 ms","ip":"::1","level":"warn","message":"GET /api/order/1 404 - 5ms","method":"GET","timestamp":"2025-12-21T15:26:52.042Z","url":"/api/order/1"}
{"context":"HTTP","duration":"4 ms","ip":"::1","level":"http","message":"GET /api/product 200 - 4ms","method":"GET","timestamp":"2025-12-21T15:36:02.335Z","url":"/api/product"}
{"context":"HTTP","duration":"73 ms","ip":"::1","level":"http","message":"GET /api/product-variant 200 - 73ms","method":"GET","timestamp":"2025-12-21T15:46:23.353Z","url":"/api/product-variant"}
{"context":"HTTP","duration":"56 ms","ip":"::1","level":"error","message":"POST /api/order 500 - 56ms","method":"POST","timestamp":"2025-12-21T15:47:28.482Z","url":"/api/order"}
{"context":"HTTP","duration":"88 ms","ip":"::1","level":"error","message":"POST /api/order 500 - 88ms","method":"POST","timestamp":"2025-12-21T15:51:07.364Z","url":"/api/order"}
{"context":"HTTP","duration":"65 ms","ip":"::1","level":"error","message":"POST /api/order 500 - 65ms","method":"POST","timestamp":"2025-12-21T16:00:09.719Z","url":"/api/order"}
{"context":"HTTP","duration":"91 ms","ip":"::1","level":"http","message":"POST /api/order 201 - 91ms","method":"POST","timestamp":"2025-12-21T16:01:22.119Z","url":"/api/order"}
{"context":"HTTP","duration":"55 ms","ip":"::1","level":"error","message":"PUT /api/order/4 500 - 55ms","method":"PUT","timestamp":"2025-12-21T16:05:04.730Z","url":"/api/order/4"}
{"context":"HTTP","duration":"55 ms","ip":"::1","level":"error","message":"PUT /api/order/4 500 - 55ms","method":"PUT","timestamp":"2025-12-21T16:05:50.940Z","url":"/api/order/4"}
{"context":"HTTP","duration":"57 ms","ip":"::1","level":"error","message":"PUT /api/order/4 500 - 57ms","method":"PUT","timestamp":"2025-12-21T16:08:26.907Z","url":"/api/order/4"}
{"context":"HTTP","duration":"49 ms","ip":"::1","level":"error","message":"PUT /api/order/4 500 - 49ms","method":"PUT","timestamp":"2025-12-21T16:09:01.347Z","url":"/api/order/4"}
{"context":"HTTP","duration":"53 ms","ip":"::1","level":"error","message":"PUT /api/order/4 500 - 53ms","method":"PUT","timestamp":"2025-12-21T16:09:43.004Z","url":"/api/order/4"}
{"context":"HTTP","duration":"51 ms","ip":"::1","level":"error","message":"PUT /api/order/4 500 - 51ms","method":"PUT","timestamp":"2025-12-21T16:10:21.076Z","url":"/api/order/4"}
{"context":"HTTP","duration":"92 ms","ip":"::1","level":"error","message":"PUT /api/order/4 500 - 92ms","method":"PUT","timestamp":"2025-12-21T16:15:57.749Z","url":"/api/order/4"}
{"context":"HTTP","duration":"94 ms","ip":"::1","level":"http","message":"PUT /api/order/4 200 - 94ms","method":"PUT","timestamp":"2025-12-21T16:17:44.552Z","url":"/api/order/4"}
{"context":"HTTP","duration":"48 ms","ip":"::1","level":"http","message":"DELETE /api/order/4 200 - 48ms","method":"DELETE","timestamp":"2025-12-21T16:18:09.043Z","url":"/api/order/4"}
{"context":"HTTP","duration":"6 ms","ip":"::1","level":"warn","message":"GET /api/user 401 - 6ms","method":"GET","timestamp":"2025-12-21T16:41:03.622Z","url":"/api/user"}
{"context":"HTTP","duration":"6 ms","ip":"::1","level":"warn","message":"GET /api/user 401 - 6ms","method":"GET","timestamp":"2025-12-21T16:41:28.675Z","url":"/api/user"}
{"context":"HTTP","duration":"11 ms","ip":"::1","level":"warn","message":"POST /api/orders 403 - 11ms","method":"POST","timestamp":"2025-12-21T17:54:39.686Z","url":"/api/orders"}
{"context":"HTTP","duration":"7 ms","ip":"::1","level":"warn","message":"POST /api/orders 403 - 7ms","method":"POST","timestamp":"2025-12-21T17:57:38.171Z","url":"/api/orders"}
{"context":"HTTP","duration":"9 ms","ip":"::1","level":"warn","message":"POST /api/orders 403 - 9ms","method":"POST","timestamp":"2025-12-21T17:59:17.193Z","url":"/api/orders"}
{"context":"HTTP","duration":"43 ms","ip":"::1","level":"error","message":"POST /api/order 500 - 43ms","method":"POST","timestamp":"2025-12-21T18:00:17.332Z","url":"/api/order"}
{"context":"HTTP","duration":"3 ms","ip":"::1","level":"warn","message":"GET /socket.io/?EIO=4&transport=websocket 404 - 3ms","method":"GET","timestamp":"2025-12-21T18:08:06.687Z","url":"/socket.io/?EIO=4&transport=websocket"}
{"context":"HTTP","duration":"2 ms","ip":"::1","level":"warn","message":"GET /socket.io/?EIO=4&transport=websocket 404 - 2ms","method":"GET","timestamp":"2025-12-21T18:08:08.060Z","url":"/socket.io/?EIO=4&transport=websocket"}
{"context":"HTTP","duration":"1 ms","ip":"::1","level":"warn","message":"GET /socket.io/?EIO=4&transport=websocket 404 - 1ms","method":"GET","timestamp":"2025-12-21T18:08:09.866Z","url":"/socket.io/?EIO=4&transport=websocket"}
{"context":"HTTP","duration":"1 ms","ip":"::1","level":"warn","message":"GET /socket.io/?EIO=4&transport=websocket 404 - 1ms","method":"GET","timestamp":"2025-12-21T18:08:13.716Z","url":"/socket.io/?EIO=4&transport=websocket"}
{"context":"HTTP","duration":"2 ms","ip":"::1","level":"warn","message":"GET /socket.io/?EIO=4&transport=websocket 404 - 2ms","method":"GET","timestamp":"2025-12-21T18:08:14.162Z","url":"/socket.io/?EIO=4&transport=websocket"}
{"context":"HTTP","duration":"1 ms","ip":"::1","level":"warn","message":"GET /socket.io/?EIO=4&transport=websocket 404 - 1ms","method":"GET","timestamp":"2025-12-21T18:08:15.742Z","url":"/socket.io/?EIO=4&transport=websocket"}
{"context":"HTTP","duration":"2 ms","ip":"::1","level":"warn","message":"GET /socket.io/?EIO=4&transport=websocket 404 - 2ms","method":"GET","timestamp":"2025-12-21T18:08:18.463Z","url":"/socket.io/?EIO=4&transport=websocket"}
{"context":"HTTP","duration":"2 ms","ip":"::1","level":"warn","message":"POST /api/auth/login 401 - 2ms","method":"POST","timestamp":"2025-12-21T18:08:22.075Z","url":"/api/auth/login"}
{"context":"HTTP","duration":"1 ms","ip":"::1","level":"warn","message":"GET /socket.io/?EIO=4&transport=websocket 404 - 1ms","method":"GET","timestamp":"2025-12-21T18:08:23.478Z","url":"/socket.io/?EIO=4&transport=websocket"}
{"context":"HTTP","duration":"1 ms","ip":"::1","level":"warn","message":"GET /socket.io/?EIO=4&transport=websocket 404 - 1ms","method":"GET","timestamp":"2025-12-21T18:08:28.915Z","url":"/socket.io/?EIO=4&transport=websocket"}
{"context":"HTTP","duration":"1 ms","ip":"::1","level":"warn","message":"GET /socket.io/?EIO=4&transport=websocket 404 - 1ms","method":"GET","timestamp":"2025-12-21T18:08:34.924Z","url":"/socket.io/?EIO=4&transport=websocket"}
{"context":"HTTP","duration":"1 ms","ip":"::1","level":"warn","message":"GET /socket.io/?EIO=4&transport=websocket 404 - 1ms","method":"GET","timestamp":"2025-12-21T18:08:40.912Z","url":"/socket.io/?EIO=4&transport=websocket"}
{"context":"HTTP","duration":"1 ms","ip":"::1","level":"warn","message":"GET /socket.io/?EIO=4&transport=websocket 404 - 1ms","method":"GET","timestamp":"2025-12-21T18:08:46.912Z","url":"/socket.io/?EIO=4&transport=websocket"}
{"context":"HTTP","duration":"2 ms","ip":"::1","level":"warn","message":"GET /socket.io/?EIO=4&transport=websocket 404 - 2ms","method":"GET","timestamp":"2025-12-21T18:08:52.422Z","url":"/socket.io/?EIO=4&transport=websocket"}
{"context":"HTTP","duration":"2 ms","ip":"::1","level":"warn","message":"GET /socket.io/?EIO=4&transport=websocket 404 - 2ms","method":"GET","timestamp":"2025-12-21T18:08:57.914Z","url":"/socket.io/?EIO=4&transport=websocket"}
{"context":"HTTP","duration":"1 ms","ip":"::1","level":"warn","message":"GET /socket.io/?EIO=4&transport=websocket 404 - 1ms","method":"GET","timestamp":"2025-12-21T18:09:03.913Z","url":"/socket.io/?EIO=4&transport=websocket"}
{"context":"HTTP","duration":"1 ms","ip":"::1","level":"warn","message":"GET /socket.io/?EIO=4&transport=websocket 404 - 1ms","method":"GET","timestamp":"2025-12-21T18:09:09.913Z","url":"/socket.io/?EIO=4&transport=websocket"}
{"context":"HTTP","duration":"2 ms","ip":"::1","level":"warn","message":"GET /socket.io/?EIO=4&transport=websocket 404 - 2ms","method":"GET","timestamp":"2025-12-21T18:09:15.245Z","url":"/socket.io/?EIO=4&transport=websocket"}
{"context":"HTTP","duration":"1 ms","ip":"::1","level":"warn","message":"GET /socket.io/?EIO=4&transport=websocket 404 - 1ms","method":"GET","timestamp":"2025-12-21T18:09:20.928Z","url":"/socket.io/?EIO=4&transport=websocket"}
{"context":"HTTP","duration":"1 ms","ip":"::1","level":"warn","message":"GET /socket.io/?EIO=4&transport=websocket 404 - 1ms","method":"GET","timestamp":"2025-12-21T18:09:26.922Z","url":"/socket.io/?EIO=4&transport=websocket"}
{"context":"HTTP","duration":"1 ms","ip":"::1","level":"warn","message":"GET /socket.io/?EIO=4&transport=websocket 404 - 1ms","method":"GET","timestamp":"2025-12-21T18:09:32.911Z","url":"/socket.io/?EIO=4&transport=websocket"}
{"context":"HTTP","duration":"1 ms","ip":"::1","level":"warn","message":"GET /socket.io/?EIO=4&transport=websocket 404 - 1ms","method":"GET","timestamp":"2025-12-21T18:09:38.927Z","url":"/socket.io/?EIO=4&transport=websocket"}
{"context":"HTTP","duration":"1 ms","ip":"::1","level":"warn","message":"GET /socket.io/?EIO=4&transport=websocket 404 - 1ms","method":"GET","timestamp":"2025-12-21T18:09:44.927Z","url":"/socket.io/?EIO=4&transport=websocket"}
{"context":"HTTP","duration":"7 ms","ip":"::1","level":"warn","message":"GET /socket.io/?EIO=4&transport=websocket 404 - 7ms","method":"GET","timestamp":"2025-12-21T18:09:50.940Z","url":"/socket.io/?EIO=4&transport=websocket"}
{"context":"HTTP","duration":"2 ms","ip":"::1","level":"warn","message":"GET /socket.io/?EIO=4&transport=websocket 404 - 2ms","method":"GET","timestamp":"2025-12-21T18:09:56.942Z","url":"/socket.io/?EIO=4&transport=websocket"}
{"context":"HTTP","duration":"2 ms","ip":"::1","level":"warn","message":"GET /socket.io/?EIO=4&transport=websocket 404 - 2ms","method":"GET","timestamp":"2025-12-21T18:10:02.924Z","url":"/socket.io/?EIO=4&transport=websocket"}
{"context":"HTTP","duration":"2 ms","ip":"::1","level":"warn","message":"GET /socket.io/?EIO=4&transport=websocket 404 - 2ms","method":"GET","timestamp":"2025-12-21T18:10:08.926Z","url":"/socket.io/?EIO=4&transport=websocket"}
{"context":"HTTP","duration":"1 ms","ip":"::1","level":"warn","message":"GET /socket.io/?EIO=4&transport=websocket 404 - 1ms","method":"GET","timestamp":"2025-12-21T18:10:14.941Z","url":"/socket.io/?EIO=4&transport=websocket"}
{"context":"HTTP","duration":"1 ms","ip":"::1","level":"warn","message":"GET /socket.io/?EIO=4&transport=websocket 404 - 1ms","method":"GET","timestamp":"2025-12-21T18:10:20.956Z","url":"/socket.io/?EIO=4&transport=websocket"}
{"context":"HTTP","duration":"6 ms","ip":"::1","level":"warn","message":"GET /socket.io/?EIO=4&transport=websocket 404 - 6ms","method":"GET","timestamp":"2025-12-21T18:10:26.950Z","url":"/socket.io/?EIO=4&transport=websocket"}
{"context":"HTTP","duration":"2 ms","ip":"::1","level":"warn","message":"GET /socket.io/?EIO=4&transport=websocket 404 - 2ms","method":"GET","timestamp":"2025-12-21T18:10:32.943Z","url":"/socket.io/?EIO=4&transport=websocket"}
{"context":"HTTP","duration":"2 ms","ip":"::1","level":"warn","message":"GET /socket.io/?EIO=4&transport=websocket 404 - 2ms","method":"GET","timestamp":"2025-12-21T18:10:38.943Z","url":"/socket.io/?EIO=4&transport=websocket"}
{"context":"HTTP","duration":"1 ms","ip":"::1","level":"warn","message":"GET /socket.io/?EIO=4&transport=websocket 404 - 1ms","method":"GET","timestamp":"2025-12-21T18:10:44.941Z","url":"/socket.io/?EIO=4&transport=websocket"}
{"context":"HTTP","duration":"2 ms","ip":"::1","level":"warn","message":"GET /socket.io/?EIO=4&transport=websocket 404 - 2ms","method":"GET","timestamp":"2025-12-21T18:10:50.942Z","url":"/socket.io/?EIO=4&transport=websocket"}
{"context":"HTTP","duration":"1 ms","ip":"::1","level":"warn","message":"GET /socket.io/?EIO=4&transport=websocket 404 - 1ms","method":"GET","timestamp":"2025-12-21T18:10:56.937Z","url":"/socket.io/?EIO=4&transport=websocket"}
{"context":"HTTP","duration":"2 ms","ip":"::1","level":"warn","message":"GET /socket.io/?EIO=4&transport=websocket 404 - 2ms","method":"GET","timestamp":"2025-12-21T18:11:02.942Z","url":"/socket.io/?EIO=4&transport=websocket"}
{"context":"HTTP","duration":"1 ms","ip":"::1","level":"warn","message":"GET /socket.io/?EIO=4&transport=websocket 404 - 1ms","method":"GET","timestamp":"2025-12-21T18:11:08.940Z","url":"/socket.io/?EIO=4&transport=websocket"}
{"context":"HTTP","duration":"2 ms","ip":"::1","level":"warn","message":"GET /socket.io/?EIO=4&transport=websocket 404 - 2ms","method":"GET","timestamp":"2025-12-21T18:11:14.958Z","url":"/socket.io/?EIO=4&transport=websocket"}
{"context":"HTTP","duration":"2 ms","ip":"::1","level":"warn","message":"GET /socket.io/?EIO=4&transport=websocket 404 - 2ms","method":"GET","timestamp":"2025-12-21T18:11:20.940Z","url":"/socket.io/?EIO=4&transport=websocket"}
{"context":"HTTP","duration":"2 ms","ip":"::1","level":"warn","message":"GET /socket.io/?EIO=4&transport=websocket 404 - 2ms","method":"GET","timestamp":"2025-12-21T18:11:26.937Z","url":"/socket.io/?EIO=4&transport=websocket"}
{"context":"HTTP","duration":"1 ms","ip":"::1","level":"warn","message":"GET /socket.io/?EIO=4&transport=websocket 404 - 1ms","method":"GET","timestamp":"2025-12-21T18:11:32.938Z","url":"/socket.io/?EIO=4&transport=websocket"}
{"context":"HTTP","duration":"1 ms","ip":"::1","level":"warn","message":"GET /socket.io/?EIO=4&transport=websocket 404 - 1ms","method":"GET","timestamp":"2025-12-21T18:11:38.972Z","url":"/socket.io/?EIO=4&transport=websocket"}
{"context":"HTTP","duration":"1 ms","ip":"::1","level":"warn","message":"GET /socket.io/?EIO=4&transport=websocket 404 - 1ms","method":"GET","timestamp":"2025-12-21T18:11:44.997Z","url":"/socket.io/?EIO=4&transport=websocket"}
{"context":"HTTP","duration":"4 ms","ip":"::1","level":"warn","message":"POST /api/auth/login 401 - 4ms","method":"POST","timestamp":"2025-12-21T18:12:27.612Z","url":"/api/auth/login"}
{"context":"HTTP","duration":"2 ms","ip":"::1","level":"warn","message":"POST /api/auth/login 401 - 2ms","method":"POST","timestamp":"2025-12-21T18:12:32.436Z","url":"/api/auth/login"}
{"context":"HTTP","duration":"5 ms","ip":"::1","level":"warn","message":"POST /api/auth/login 401 - 5ms","method":"POST","timestamp":"2025-12-21T18:14:44.640Z","url":"/api/auth/login"}
{"context":"HTTP","duration":"4 ms","ip":"::1","level":"warn","message":"POST /api/auth/login 401 - 4ms","method":"POST","timestamp":"2025-12-21T18:16:16.264Z","url":"/api/auth/login"}
{"context":"HTTP","duration":"5 ms","ip":"::1","level":"warn","message":"POST /api/auth/login 401 - 5ms","method":"POST","timestamp":"2025-12-21T18:17:49.315Z","url":"/api/auth/login"}
{"context":"HTTP","duration":"5 ms","ip":"::1","level":"warn","message":"POST /api/auth/login 401 - 5ms","method":"POST","timestamp":"2025-12-21T18:18:32.479Z","url":"/api/auth/login"}
{"context":"HTTP","duration":"5 ms","ip":"::1","level":"warn","message":"POST /api/auth/login 401 - 5ms","method":"POST","timestamp":"2025-12-21T18:19:53.727Z","url":"/api/auth/login"}
{"context":"HTTP","duration":"2 ms","ip":"::1","level":"warn","message":"POST /api/auth/login 401 - 2ms","method":"POST","timestamp":"2025-12-21T18:19:54.182Z","url":"/api/auth/login"}
{"context":"HTTP","duration":"4 ms","ip":"::1","level":"warn","message":"POST /api/auth/login 401 - 4ms","method":"POST","timestamp":"2025-12-21T18:20:59.907Z","url":"/api/auth/login"}
{"context":"HTTP","duration":"4 ms","ip":"::1","level":"warn","message":"POST /api/auth/login 401 - 4ms","method":"POST","timestamp":"2025-12-21T18:21:52.501Z","url":"/api/auth/login"}
{"context":"HTTP","duration":"4 ms","ip":"::1","level":"warn","message":"POST /api/auth/login 401 - 4ms","method":"POST","timestamp":"2025-12-21T18:22:48.383Z","url":"/api/auth/login"}
{"context":"HTTP","duration":"3 ms","ip":"::1","level":"http","message":"POST /api/auth/login 200 - 3ms","method":"POST","timestamp":"2025-12-21T18:25:06.477Z","url":"/api/auth/login"}
{"context":"HTTP","duration":"6 ms","ip":"::1","level":"warn","message":"GET /api/orders 403 - 6ms","method":"GET","timestamp":"2025-12-21T18:25:06.521Z","url":"/api/orders"}
{"context":"HTTP","duration":"2 ms","ip":"::1","level":"warn","message":"GET /api/orders 403 - 2ms","method":"GET","timestamp":"2025-12-21T18:25:06.526Z","url":"/api/orders"}
{"context":"HTTP","duration":"2 ms","ip":"::1","level":"warn","message":"GET /api/orders 403 - 2ms","method":"GET","timestamp":"2025-12-21T18:25:32.838Z","url":"/api/orders"}
{"context":"HTTP","duration":"2 ms","ip":"::1","level":"warn","message":"GET /api/orders 403 - 2ms","method":"GET","timestamp":"2025-12-21T18:25:32.843Z","url":"/api/orders"}
{"context":"HTTP","duration":"2 ms","ip":"::1","level":"http","message":"POST /api/auth/login 200 - 2ms","method":"POST","timestamp":"2025-12-21T18:26:58.350Z","url":"/api/auth/login"}
{"context":"HTTP","duration":"6 ms","ip":"::1","level":"warn","message":"GET /api/orders 403 - 6ms","method":"GET","timestamp":"2025-12-21T18:26:58.396Z","url":"/api/orders"}
{"context":"HTTP","duration":"2 ms","ip":"::1","level":"warn","message":"GET /api/orders 403 - 2ms","method":"GET","timestamp":"2025-12-21T18:26:58.400Z","url":"/api/orders"}
{"context":"HTTP","duration":"136 ms","ip":"::1","level":"http","message":"POST /api/auth/login 200 - 136ms","method":"POST","timestamp":"2025-12-21T18:28:34.229Z","url":"/api/auth/login"}
{"context":"HTTP","duration":"16 ms","ip":"::1","level":"warn","message":"GET /api/orders 404 - 16ms","method":"GET","timestamp":"2025-12-21T18:28:34.283Z","url":"/api/orders"}
{"context":"HTTP","duration":"8 ms","ip":"::1","level":"warn","message":"GET /api/orders 404 - 8ms","method":"GET","timestamp":"2025-12-21T18:28:34.293Z","url":"/api/orders"}
{"context":"HTTP","duration":"7 ms","ip":"::1","level":"http","message":"GET /api/order 200 - 7ms","method":"GET","timestamp":"2025-12-21T18:29:13.936Z","url":"/api/order"}
{"context":"HTTP","duration":"5 ms","ip":"::1","level":"http","message":"GET /api/order 304 - 5ms","method":"GET","timestamp":"2025-12-21T18:29:17.778Z","url":"/api/order"}
{"context":"HTTP","duration":"5 ms","ip":"::1","level":"http","message":"GET /api/order 304 - 5ms","method":"GET","timestamp":"2025-12-21T18:29:17.785Z","url":"/api/order"}
{"context":"HTTP","duration":"4 ms","ip":"::1","level":"http","message":"GET /api/order 304 - 4ms","method":"GET","timestamp":"2025-12-21T18:29:18.359Z","url":"/api/order"}
{"context":"HTTP","duration":"4 ms","ip":"::1","level":"http","message":"GET /api/order 304 - 4ms","method":"GET","timestamp":"2025-12-21T18:29:18.364Z","url":"/api/order"}
{"context":"HTTP","duration":"5 ms","ip":"::1","level":"http","message":"GET /api/order 304 - 5ms","method":"GET","timestamp":"2025-12-21T18:29:18.894Z","url":"/api/order"}
{"context":"HTTP","duration":"6 ms","ip":"::1","level":"http","message":"GET /api/order 304 - 6ms","method":"GET","timestamp":"2025-12-21T18:29:18.902Z","url":"/api/order"}
